{
  "stats": {
    "suites": 1,
    "tests": 1,
    "passes": 1,
    "pending": 0,
    "failures": 0,
    "start": "2023-10-02T14:16:43.635Z",
    "end": "2023-10-02T14:16:47.588Z",
    "duration": 3953,
    "testsRegistered": 1,
    "passPercent": 100,
    "pendingPercent": 0,
    "other": 0,
    "hasOther": false,
    "skipped": 0,
    "hasSkipped": false
  },
  "results": [
    {
      "uuid": "5a451b23-71c0-4f72-82a0-f8add2cb0113",
      "title": "",
      "fullFile": "/Users/jaiminpatel/Documents/Automation/SearchEngines_Automation/UITest/bing-search-engine-test.js",
      "file": "/UITest/bing-search-engine-test.js",
      "beforeHooks": [],
      "afterHooks": [],
      "tests": [],
      "suites": [
        {
          "uuid": "8551c331-b8f8-43ed-b779-0f555c0f6abc",
          "title": "Go to Bing Search engine and Validate functionality",
          "fullFile": "/Users/jaiminpatel/Documents/Automation/SearchEngines_Automation/UITest/bing-search-engine-test.js",
          "file": "/UITest/bing-search-engine-test.js",
          "beforeHooks": [
            {
              "title": "\"before each\" hook in \"Go to Bing Search engine and Validate functionality\"",
              "fullTitle": "Go to Bing Search engine and Validate functionality \"before each\" hook in \"Go to Bing Search engine and Validate functionality\"",
              "timedOut": false,
              "duration": 1530,
              "state": null,
              "speed": null,
              "pass": false,
              "fail": false,
              "pending": false,
              "context": null,
              "code": "await new BasePage().writeUrl();\nawait new BasePage().configureBrowserScreen()",
              "err": {},
              "uuid": "a0e89747-7598-42e6-a782-91fe31711b8b",
              "parentUUID": "8551c331-b8f8-43ed-b779-0f555c0f6abc",
              "isHook": true,
              "skipped": false
            }
          ],
          "afterHooks": [
            {
              "title": "\"after each\" hook in \"Go to Bing Search engine and Validate functionality\"",
              "fullTitle": "Go to Bing Search engine and Validate functionality \"after each\" hook in \"Go to Bing Search engine and Validate functionality\"",
              "timedOut": false,
              "duration": 57,
              "state": null,
              "speed": null,
              "pass": false,
              "fail": false,
              "pending": false,
              "context": null,
              "code": "await new BasePage().quitBrowser();",
              "err": {},
              "uuid": "add93e64-a052-42ca-9f53-a8b6e57668c8",
              "parentUUID": "8551c331-b8f8-43ed-b779-0f555c0f6abc",
              "isHook": true,
              "skipped": false
            }
          ],
          "tests": [
            {
              "title": "Alex should be able to search via Bing search engine",
              "fullTitle": "Go to Bing Search engine and Validate functionality Alex should be able to search via Bing search engine",
              "timedOut": false,
              "duration": 2362,
              "state": "passed",
              "speed": "slow",
              "pass": true,
              "fail": false,
              "pending": false,
              "context": null,
              "code": "await BingSearchPage.verifyBingSearchEngineTitle(Data.bing_search_engine_title);\nconsole.log(1);\nassert.isTrue(await BingSearchPage.validateBingLogoDisplayed());\nawait BingSearchPage.searchOnTheSearchBarAndHitEnter(Data.fiserv_input);\nawait BingSearchPage.clickOnTheFistResult();\nassert.isTrue(await BingSearchPage.validateFiservImageDisplayed());",
              "err": {},
              "uuid": "b5043c98-08d9-457f-9f13-0ab43a82f828",
              "parentUUID": "8551c331-b8f8-43ed-b779-0f555c0f6abc",
              "isHook": false,
              "skipped": false
            }
          ],
          "suites": [],
          "passes": [
            "b5043c98-08d9-457f-9f13-0ab43a82f828"
          ],
          "failures": [],
          "pending": [],
          "skipped": [],
          "duration": 2362,
          "root": false,
          "rootEmpty": false,
          "_timeout": 300000
        }
      ],
      "passes": [],
      "failures": [],
      "pending": [],
      "skipped": [],
      "duration": 0,
      "root": true,
      "rootEmpty": true,
      "_timeout": 2000
    }
  ],
  "meta": {
    "mocha": {
      "version": "9.1.3"
    },
    "mochawesome": {
      "options": {
        "quiet": false,
        "reportFilename": "mochawesome",
        "saveHtml": true,
        "saveJson": true,
        "consoleReporter": "spec",
        "useInlineDiffs": false,
        "code": true
      },
      "version": "7.1.3"
    },
    "marge": {
      "options": null,
      "version": "6.2.0"
    }
  }
}