{
  "stats": {
    "suites": 1,
    "tests": 1,
    "passes": 1,
    "pending": 0,
    "failures": 0,
    "start": "2023-10-02T04:44:25.039Z",
    "end": "2023-10-02T04:44:28.165Z",
    "duration": 3126,
    "testsRegistered": 1,
    "passPercent": 100,
    "pendingPercent": 0,
    "other": 0,
    "hasOther": false,
    "skipped": 0,
    "hasSkipped": false
  },
  "results": [
    {
      "uuid": "b4e1444b-1827-48e5-bf57-12de84503d5f",
      "title": "",
      "fullFile": "/Users/jaiminpatel/Documents/Automation/WebdriverJS-Selenium1/UITest/yahoo-search-engine-test.js",
      "file": "/UITest/yahoo-search-engine-test.js",
      "beforeHooks": [],
      "afterHooks": [],
      "tests": [],
      "suites": [
        {
          "uuid": "1b6f8ee9-1096-4774-adf4-9f3f3bcd2eed",
          "title": "Go to Yahoo Search and Validate functionality",
          "fullFile": "/Users/jaiminpatel/Documents/Automation/WebdriverJS-Selenium1/UITest/yahoo-search-engine-test.js",
          "file": "/UITest/yahoo-search-engine-test.js",
          "beforeHooks": [
            {
              "title": "\"before each\" hook in \"Go to Yahoo Search and Validate functionality\"",
              "fullTitle": "Go to Yahoo Search and Validate functionality \"before each\" hook in \"Go to Yahoo Search and Validate functionality\"",
              "timedOut": false,
              "duration": 1763,
              "state": null,
              "speed": null,
              "pass": false,
              "fail": false,
              "pending": false,
              "context": null,
              "code": "await new BasePage().writeUrl();\nawait new BasePage().configureBrowserScreen()",
              "err": {},
              "uuid": "e86be66b-7c1e-4b0b-89c1-74c3d2f1d61a",
              "parentUUID": "1b6f8ee9-1096-4774-adf4-9f3f3bcd2eed",
              "isHook": true,
              "skipped": false
            }
          ],
          "afterHooks": [
            {
              "title": "\"after each\" hook in \"Go to Yahoo Search and Validate functionality\"",
              "fullTitle": "Go to Yahoo Search and Validate functionality \"after each\" hook in \"Go to Yahoo Search and Validate functionality\"",
              "timedOut": false,
              "duration": 56,
              "state": null,
              "speed": null,
              "pass": false,
              "fail": false,
              "pending": false,
              "context": null,
              "code": "await new BasePage().quitBrowser();",
              "err": {},
              "uuid": "334476c3-d05f-4935-8086-aa9ca79447ff",
              "parentUUID": "1b6f8ee9-1096-4774-adf4-9f3f3bcd2eed",
              "isHook": true,
              "skipped": false
            }
          ],
          "tests": [
            {
              "title": "Alex should be able to search via yahoo search engine",
              "fullTitle": "Go to Yahoo Search and Validate functionality Alex should be able to search via yahoo search engine",
              "timedOut": false,
              "duration": 1301,
              "state": "passed",
              "speed": "slow",
              "pass": true,
              "fail": false,
              "pending": false,
              "context": null,
              "code": "await YahooSearchPage.verifyYahooSearchEngineTitle(Data.yahoo_search_engine_title);\nassert.isTrue(await YahooSearchPage.validateYahooLogoDisplayed());\nawait YahooSearchPage.searchOnTheSearchBarAndHitEnter(Data.fiserv_input);\nawait YahooSearchPage.clickOnTheFistResult();\n//assert.isTrue(await YahooSearchPage.validateFiservImageDisplayed());",
              "err": {},
              "uuid": "a1901df2-fd9e-4459-b9c0-fa3fb272cec2",
              "parentUUID": "1b6f8ee9-1096-4774-adf4-9f3f3bcd2eed",
              "isHook": false,
              "skipped": false
            }
          ],
          "suites": [],
          "passes": [
            "a1901df2-fd9e-4459-b9c0-fa3fb272cec2"
          ],
          "failures": [],
          "pending": [],
          "skipped": [],
          "duration": 1301,
          "root": false,
          "rootEmpty": false,
          "_timeout": 300000
        }
      ],
      "passes": [],
      "failures": [],
      "pending": [],
      "skipped": [],
      "duration": 0,
      "root": true,
      "rootEmpty": true,
      "_timeout": 2000
    }
  ],
  "meta": {
    "mocha": {
      "version": "9.1.3"
    },
    "mochawesome": {
      "options": {
        "quiet": false,
        "reportFilename": "mochawesome",
        "saveHtml": true,
        "saveJson": true,
        "consoleReporter": "spec",
        "useInlineDiffs": false,
        "code": true
      },
      "version": "7.1.3"
    },
    "marge": {
      "options": null,
      "version": "6.2.0"
    }
  }
}